<?xml version="1.0" encoding="UTF-8" ?>
<testsuites>
 <testsuite name="chrome.Login - CS Lawyer Portal" timestamp="2017-08-24T08:16:27" hostname="localhost" time="35.34" errors="0" tests="8" skipped="0" disabled="0" failures="0">
  <testcase classname="chrome.Login - CS Lawyer Portal" name="1.0 Access CS Lawyer Portal - Registration status Active - Lawyer" time="15.015" />
  <testcase classname="chrome.Login - CS Lawyer Portal" name="1.0 Access CS Lawyer Portal - Registration status Active - Lawclerk" time="7.158" />
  <testcase classname="chrome.Login - CS Lawyer Portal" name="1.0 Access CS Lawyer Portal - Registration status inctive" time="0.94" />
  <testcase classname="chrome.Login - CS Lawyer Portal" name="1.0 Access CS Lawyer Portal - Registration status Declined" time="0.903" />
  <testcase classname="chrome.Login - CS Lawyer Portal" name="1.0 Access CS Lawyer Portal - CS and RS Registration status Active for both" time="1.136" />
  <testcase classname="chrome.Login - CS Lawyer Portal" name="1.0 Access CS Lawyer Portal - CS and RS Registration status Inactive for both" time="0.869" />
  <testcase classname="chrome.Login - CS Lawyer Portal" name="1.0 Access CS Lawyer Portal - CS Registration status Active and RS Inactive" time="8.034" />
  <testcase classname="chrome.Login - CS Lawyer Portal" name="1.0 Access CS Lawyer Portal - CS Registration status Inactive and RS Active" time="1.281" />
 </testsuite>
 <testsuite name="chrome.CS Lawyer Portal - My Profile" timestamp="2017-08-24T08:17:03" hostname="localhost" time="156.092" errors="0" tests="13" skipped="0" disabled="0" failures="5">
  <testcase classname="chrome.CS Lawyer Portal - My Profile" name="20.0 My Profile – Contact Info - Update profile contact information" time="20.939" />
  <testcase classname="chrome.CS Lawyer Portal - My Profile" name="US 20.1/MS 1.0/CS Lawyer Portal/User able to access My Profile from CS Lawyer Portal" time="12.213" />
  <testcase classname="chrome.CS Lawyer Portal - My Profile" name="US 20.1/MS 2.0/CS Lawyer Portal/My Profile Left Navigation Hyperlinks - CS Only Lawyer" time="12.363">
   <failure type="exception" message="Error: ENOENT: no such file or directory, open &apos;C:\Automation\quickstart-master\CSOnlinePortal\Configuration\report\screenshots\chrome-CS Lawyer Portal - My Profile US 20.1\MS 1.0\CS Lawyer Portal\User able to access My Profile from CS Lawyer Portal.png&apos;"><![CDATA[Error: ENOENT: no such file or directory, open 'C:\Automation\quickstart-master\CSOnlinePortal\Configuration\report\screenshots\chrome-CS Lawyer Portal - My Profile US 20.1\MS 1.0\CS Lawyer Portal\User able to access My Profile from CS Lawyer Portal.png']]>
   </failure>
  </testcase>
  <testcase classname="chrome.CS Lawyer Portal - My Profile" name="US 20.1/MS 3.0/CS Lawyer Portal/My Profile Left Navigation Hyperlinks - CS/RS Lawyer" time="13.125">
   <failure type="exception" message="Error: ENOENT: no such file or directory, open &apos;C:\Automation\quickstart-master\CSOnlinePortal\Configuration\report\screenshots\chrome-CS Lawyer Portal - My Profile US 20.1\MS 2.0\CS Lawyer Portal\My Profile Left Navigation Hyperlinks - CS Only Lawyer.png&apos;"><![CDATA[Error: ENOENT: no such file or directory, open 'C:\Automation\quickstart-master\CSOnlinePortal\Configuration\report\screenshots\chrome-CS Lawyer Portal - My Profile US 20.1\MS 2.0\CS Lawyer Portal\My Profile Left Navigation Hyperlinks - CS Only Lawyer.png']]>
   </failure>
  </testcase>
  <testcase classname="chrome.CS Lawyer Portal - My Profile" name="US 20.1/MS 4.0/CS Lawyer Portal/My Profile Left Navigation Hyperlinks - CS Only Law Clerk" time="12.222">
   <failure type="exception" message="Error: ENOENT: no such file or directory, open &apos;C:\Automation\quickstart-master\CSOnlinePortal\Configuration\report\screenshots\chrome-CS Lawyer Portal - My Profile US 20.1\MS 3.0\CS Lawyer Portal\My Profile Left Navigation Hyperlinks - CS\RS Lawyer.png&apos;"><![CDATA[Error: ENOENT: no such file or directory, open 'C:\Automation\quickstart-master\CSOnlinePortal\Configuration\report\screenshots\chrome-CS Lawyer Portal - My Profile US 20.1\MS 3.0\CS Lawyer Portal\My Profile Left Navigation Hyperlinks - CS\RS Lawyer.png']]>
   </failure>
  </testcase>
  <testcase classname="chrome.CS Lawyer Portal - My Profile" name="US 20.1/MS 5.0/CS Lawyer Portal/My Profile Left Navigation Hyperlinks - CS/RS Law Clerk" time="2.552">
   <failure type="exception" message="Error: ENOENT: no such file or directory, open &apos;C:\Automation\quickstart-master\CSOnlinePortal\Configuration\report\screenshots\chrome-CS Lawyer Portal - My Profile US 20.1\MS 4.0\CS Lawyer Portal\My Profile Left Navigation Hyperlinks - CS Only Law Clerk.png&apos;"><![CDATA[Error: ENOENT: no such file or directory, open 'C:\Automation\quickstart-master\CSOnlinePortal\Configuration\report\screenshots\chrome-CS Lawyer Portal - My Profile US 20.1\MS 4.0\CS Lawyer Portal\My Profile Left Navigation Hyperlinks - CS Only Law Clerk.png']]>
   </failure>
  </testcase>
  <testcase classname="chrome.CS Lawyer Portal - My Profile" name="23.0 My Profile – Security Questions - Update profile security questions" time="14.614">
   <failure type="exception" message="Error: ENOENT: no such file or directory, open &apos;C:\Automation\quickstart-master\CSOnlinePortal\Configuration\report\screenshots\chrome-CS Lawyer Portal - My Profile US 20.1\MS 5.0\CS Lawyer Portal\My Profile Left Navigation Hyperlinks - CS\RS Law Clerk.png&apos;"><![CDATA[Error: ENOENT: no such file or directory, open 'C:\Automation\quickstart-master\CSOnlinePortal\Configuration\report\screenshots\chrome-CS Lawyer Portal - My Profile US 20.1\MS 5.0\CS Lawyer Portal\My Profile Left Navigation Hyperlinks - CS\RS Law Clerk.png']]>
   </failure>
  </testcase>
  <testcase classname="chrome.CS Lawyer Portal - My Profile" name="24.0 My Profile – Change Password - Change FCT portal password for user :AutoCSRSLawyer" time="23.815" />
  <testcase classname="chrome.CS Lawyer Portal - My Profile" name="24.0.1 My Profile – Change Password - Change FCT portal password for : AutoCSActRSInact" time="23.177" />
  <testcase classname="chrome.CS Lawyer Portal - My Profile" name="24.0.2 My Profile – Change Password - Change FCT portal password FOR : AutoCSInactRSAct" time="5.378" />
  <testcase classname="chrome.CS Lawyer Portal - My Profile" name="24.0.2 My Profile – Change Password - Change FCT portal password FOR : AutoCSInactRSAct" time="6.015" />
  <testcase classname="chrome.CS Lawyer Portal - My Profile" name="24.0.2 My Profile – Change Password - Change FCT portal password FOR : AutoCSInactRSAct" time="4.721" />
  <testcase classname="chrome.CS Lawyer Portal - My Profile" name="24.0.2 My Profile – Change Password - Change FCT portal password FOR : AutoCSInactRSAct" time="4.954" />
 </testsuite>
 <testsuite name="chrome.Creat New ordar, Submit Order from CS Lawyer Portal and Verify in CUC Portal" timestamp="2017-08-24T08:19:39" hostname="localhost" time="95.086" errors="0" tests="2" skipped="0" disabled="0" failures="0">
  <testcase classname="chrome.Creat New ordar, Submit Order from CS Lawyer Portal and Verify in CUC Portal" name="Creat New ordar, Submit Order from CS Lawyer Portal" time="46.947" />
  <testcase classname="chrome.Creat New ordar, Submit Order from CS Lawyer Portal and Verify in CUC Portal" name="Verify Created new Order on CUC portal" time="48.136" />
 </testsuite>
 <testsuite name="chrome.CS Lawyer Portal - My Profile Delegated Authority" timestamp="2017-08-24T08:21:14" hostname="localhost" time="48.38" errors="0" tests="1" skipped="0" disabled="0" failures="0">
  <testcase classname="chrome.CS Lawyer Portal - My Profile Delegated Authority" name="21.a b c d e My Profile – Add View Enable Disable Delete Delegate Authority" time="48.379" />
 </testsuite>
 <testsuite name="chrome.Create New order - CS Lawyer Portal" timestamp="2017-08-24T08:22:02" hostname="localhost" time="91.251" errors="0" tests="2" skipped="0" disabled="0" failures="0">
  <testcase classname="chrome.Create New order - CS Lawyer Portal" name="Access CS Lawyer Portal - Create New Deal" time="83.384" />
  <testcase classname="chrome.Create New order - CS Lawyer Portal" name="Access CS Lawyer Portal - Verify Left menu item for Law clark" time="7.865" />
 </testsuite>
 <testsuite name="chrome.CS Lawyer Portal -&gt; New Order – Transaction Details" timestamp="2017-08-24T08:23:34" hostname="localhost" time="77.429" errors="0" tests="8" skipped="0" disabled="0" failures="8">
  <testcase classname="chrome.CS Lawyer Portal -&gt; New Order – Transaction Details" name="6.2.1 -&gt; US 6.2/CS Lawyer Portal/Transaction detail conditional rules - Lawyer" time="20.386" />
  <testcase classname="chrome.CS Lawyer Portal -&gt; New Order – Transaction Details" name="6.2.2 -&gt; US 6.2/CS Lawyer Portal/Transaction detail conditional rules - Law Clerk" time="19.81">
   <failure type="exception" message="Error: ENOENT: no such file or directory, open &apos;C:\Automation\quickstart-master\CSOnlinePortal\Configuration\report\screenshots\chrome-CS Lawyer Portal -&gt; New Order – Transaction Details 6.2.1 -&gt; US 6.2\CS Lawyer Portal\Transaction detail conditional rules - Lawyer.png&apos;"><![CDATA[Error: ENOENT: no such file or directory, open 'C:\Automation\quickstart-master\CSOnlinePortal\Configuration\report\screenshots\chrome-CS Lawyer Portal -> New Order – Transaction Details 6.2.1 -> US 6.2\CS Lawyer Portal\Transaction detail conditional rules - Lawyer.png']]>
   </failure>
  </testcase>
  <testcase classname="chrome.CS Lawyer Portal -&gt; New Order – Transaction Details" name="6.2.3 -&gt; US 6.2/CS Lawyer Portal/Transaction detail conditional rules - Import to CUC - Regression" time="0.316" />
  <testcase classname="chrome.CS Lawyer Portal -&gt; New Order – Transaction Details" name="6.9.1 -&gt;  US 6.9/CS Lawyer Portal/Transaction - Default Values for primary mandatory fields - Lawyer" time="0.325">
   <failure type="exception" message="Error: ENOENT: no such file or directory, open &apos;C:\Automation\quickstart-master\CSOnlinePortal\Configuration\report\screenshots\chrome-CS Lawyer Portal -&gt; New Order – Transaction Details 6.2.2 -&gt; US 6.2\CS Lawyer Portal\Transaction detail conditional rules - Law Clerk.png&apos;"><![CDATA[Error: ENOENT: no such file or directory, open 'C:\Automation\quickstart-master\CSOnlinePortal\Configuration\report\screenshots\chrome-CS Lawyer Portal -> New Order – Transaction Details 6.2.2 -> US 6.2\CS Lawyer Portal\Transaction detail conditional rules - Law Clerk.png']]>
   </failure>
   <failure type="exception" message="Error: ENOENT: no such file or directory, open &apos;C:\Automation\quickstart-master\CSOnlinePortal\Configuration\report\screenshots\chrome-CS Lawyer Portal -&gt; New Order – Transaction Details 6.2.3 -&gt; US 6.2\CS Lawyer Portal\Transaction detail conditional rules - Import to CUC - Regression.png&apos;"><![CDATA[Error: ENOENT: no such file or directory, open 'C:\Automation\quickstart-master\CSOnlinePortal\Configuration\report\screenshots\chrome-CS Lawyer Portal -> New Order – Transaction Details 6.2.3 -> US 6.2\CS Lawyer Portal\Transaction detail conditional rules - Import to CUC - Regression.png']]>
   </failure>
  </testcase>
  <testcase classname="chrome.CS Lawyer Portal -&gt; New Order – Transaction Details" name="6.9.2 -&gt; US 6.9/CS Lawyer Portal/Transaction - Default Values for primary mandatory fields - Law Clerk" time="8.34">
   <failure type="exception" message="Error: ENOENT: no such file or directory, open &apos;C:\Automation\quickstart-master\CSOnlinePortal\Configuration\report\screenshots\chrome-CS Lawyer Portal -&gt; New Order – Transaction Details 6.9.1 -&gt;  US 6.9\CS Lawyer Portal\Transaction - Default Values for primary mandatory fields - Lawyer.png&apos;"><![CDATA[Error: ENOENT: no such file or directory, open 'C:\Automation\quickstart-master\CSOnlinePortal\Configuration\report\screenshots\chrome-CS Lawyer Portal -> New Order – Transaction Details 6.9.1 ->  US 6.9\CS Lawyer Portal\Transaction - Default Values for primary mandatory fields - Lawyer.png']]>
   </failure>
   <failure type="exception" message="Failed: stale element reference: element is not attached to the page document
  (Session info: chrome=60.0.3112.101)
  (Driver info: chromedriver=2.31.488763 (092de99f48a300323ecf8c2a4e2e7cab51de5ba8),platform=Windows NT 6.3.9600 x86_64)"><![CDATA[StaleElementReferenceError: stale element reference: element is not attached to the page document
  (Session info: chrome=60.0.3112.101)
  (Driver info: chromedriver=2.31.488763 (092de99f48a300323ecf8c2a4e2e7cab51de5ba8),platform=Windows NT 6.3.9600 x86_64)
    at Object.checkLegacyResponse (C:\Users\sukumar\AppData\Roaming\npm\node_modules\protractor\node_modules\selenium-webdriver\lib\error.js:505:15)
    at parseHttpResponse (C:\Users\sukumar\AppData\Roaming\npm\node_modules\protractor\node_modules\selenium-webdriver\lib\http.js:509:13)
    at doSend.then.response (C:\Users\sukumar\AppData\Roaming\npm\node_modules\protractor\node_modules\selenium-webdriver\lib\http.js:440:13)
    at <anonymous>
    at process._tickCallback (internal/process/next_tick.js:169:7)
From: Task: WebElement.sendKeys()
    at Driver.schedule (C:\Users\sukumar\AppData\Roaming\npm\node_modules\protractor\node_modules\selenium-webdriver\lib\webdriver.js:816:17)
    at WebElement.schedule_ (C:\Users\sukumar\AppData\Roaming\npm\node_modules\protractor\node_modules\selenium-webdriver\lib\webdriver.js:1921:25)
    at WebElement.sendKeys (C:\Users\sukumar\AppData\Roaming\npm\node_modules\protractor\node_modules\selenium-webdriver\lib\webdriver.js:2084:19)
    at actionFn (C:\Users\sukumar\AppData\Roaming\npm\node_modules\protractor\lib\element.ts:94:34)
    at Array.map (native)
    at actionResults.getWebElements.then (C:\Users\sukumar\AppData\Roaming\npm\node_modules\protractor\lib\element.ts:484:67)
    at ManagedPromise.invokeCallback_ (C:\Users\sukumar\AppData\Roaming\npm\node_modules\protractor\node_modules\selenium-webdriver\lib\promise.js:1366:14)
    at TaskQueue.execute_ (C:\Users\sukumar\AppData\Roaming\npm\node_modules\protractor\node_modules\selenium-webdriver\lib\promise.js:2970:14)
    at TaskQueue.executeNext_ (C:\Users\sukumar\AppData\Roaming\npm\node_modules\protractor\node_modules\selenium-webdriver\lib\promise.js:2953:27)
    at asyncRun (C:\Users\sukumar\AppData\Roaming\npm\node_modules\protractor\node_modules\selenium-webdriver\lib\promise.js:2813:27)Error
    at ElementArrayFinder.applyAction_ (C:\Users\sukumar\AppData\Roaming\npm\node_modules\protractor\lib\element.ts:482:23)
    at ElementArrayFinder.(anonymous function).args [as sendKeys] (C:\Users\sukumar\AppData\Roaming\npm\node_modules\protractor\lib\element.ts:96:21)
    at ElementFinder.(anonymous function).args [as sendKeys] (C:\Users\sukumar\AppData\Roaming\npm\node_modules\protractor\lib\element.ts:873:14)
    at loginPage.CSPortalLogin (C:\Automation\quickstart-master\CSOnlinePortal\PageObjectMethods\CSOnlinePortal\CSOP_LoginPage_Update.js:31:21)
    at Object.<anonymous> (C:\Automation\quickstart-master\CSOnlinePortal\TestScripts\Epic 6 - Create Transaction Details.js:143:21)
    at C:\Users\sukumar\AppData\Roaming\npm\node_modules\protractor\node_modules\jasminewd2\index.js:112:25
    at new ManagedPromise (C:\Users\sukumar\AppData\Roaming\npm\node_modules\protractor\node_modules\selenium-webdriver\lib\promise.js:1067:7)
    at ControlFlow.promise (C:\Users\sukumar\AppData\Roaming\npm\node_modules\protractor\node_modules\selenium-webdriver\lib\promise.js:2396:12)
    at schedulerExecute (C:\Users\sukumar\AppData\Roaming\npm\node_modules\protractor\node_modules\jasminewd2\index.js:95:18)
    at TaskQueue.execute_ (C:\Users\sukumar\AppData\Roaming\npm\node_modules\protractor\node_modules\selenium-webdriver\lib\promise.js:2970:14)
    at TaskQueue.executeNext_ (C:\Users\sukumar\AppData\Roaming\npm\node_modules\protractor\node_modules\selenium-webdriver\lib\promise.js:2953:27)
From: Task: Run it("6.9.1 ->  US 6.9/CS Lawyer Portal/Transaction - Default Values for primary mandatory fields - Lawyer") in control flow
    at Object.<anonymous> (C:\Users\sukumar\AppData\Roaming\npm\node_modules\protractor\node_modules\jasminewd2\index.js:94:19)
    at attemptAsync (C:\Users\sukumar\AppData\Roaming\npm\node_modules\protractor\node_modules\jasmine-core\lib\jasmine-core\jasmine.js:3945:24)
    at QueueRunner.run (C:\Users\sukumar\AppData\Roaming\npm\node_modules\protractor\node_modules\jasmine-core\lib\jasmine-core\jasmine.js:3884:9)
    at QueueRunner.execute (C:\Users\sukumar\AppData\Roaming\npm\node_modules\protractor\node_modules\jasmine-core\lib\jasmine-core\jasmine.js:3872:10)
    at Spec.queueRunnerFactory (C:\Users\sukumar\AppData\Roaming\npm\node_modules\protractor\node_modules\jasmine-core\lib\jasmine-core\jasmine.js:816:35)
    at Spec.execute (C:\Users\sukumar\AppData\Roaming\npm\node_modules\protractor\node_modules\jasmine-core\lib\jasmine-core\jasmine.js:473:10)
    at Object.fn (C:\Users\sukumar\AppData\Roaming\npm\node_modules\protractor\node_modules\jasmine-core\lib\jasmine-core\jasmine.js:4975:37)
    at attemptAsync (C:\Users\sukumar\AppData\Roaming\npm\node_modules\protractor\node_modules\jasmine-core\lib\jasmine-core\jasmine.js:3945:24)
    at QueueRunner.run (C:\Users\sukumar\AppData\Roaming\npm\node_modules\protractor\node_modules\jasmine-core\lib\jasmine-core\jasmine.js:3884:9)
    at C:\Users\sukumar\AppData\Roaming\npm\node_modules\protractor\node_modules\jasmine-core\lib\jasmine-core\jasmine.js:3924:18
From asynchronous test: 
Error
    at Suite.<anonymous> (C:\Automation\quickstart-master\CSOnlinePortal\TestScripts\Epic 6 - Create Transaction Details.js:133:5)
    at addSpecsToSuite (C:\Users\sukumar\AppData\Roaming\npm\node_modules\protractor\node_modules\jasmine-core\lib\jasmine-core\jasmine.js:994:25)
    at Env.describe (C:\Users\sukumar\AppData\Roaming\npm\node_modules\protractor\node_modules\jasmine-core\lib\jasmine-core\jasmine.js:961:7)
    at describe (C:\Users\sukumar\AppData\Roaming\npm\node_modules\protractor\node_modules\jasmine-core\lib\jasmine-core\jasmine.js:4031:18)
    at Object.<anonymous> (C:\Automation\quickstart-master\CSOnlinePortal\TestScripts\Epic 6 - Create Transaction Details.js:21:1)
    at Module._compile (module.js:569:30)
    at Object.Module._extensions..js (module.js:580:10)
    at Module.load (module.js:503:32)
    at tryModuleLoad (module.js:466:12)]]>
   </failure>
  </testcase>
  <testcase classname="chrome.CS Lawyer Portal -&gt; New Order – Transaction Details" name="6.10.1 -&gt;  US 6.10/CS Lawyer Portal/Transaction – Primary Mandatory Fields - Lawyer" time="8.342">
   <failure type="exception" message="Error: ENOENT: no such file or directory, open &apos;C:\Automation\quickstart-master\CSOnlinePortal\Configuration\report\screenshots\chrome-CS Lawyer Portal -&gt; New Order – Transaction Details 6.9.2 -&gt; US 6.9\CS Lawyer Portal\Transaction - Default Values for primary mandatory fields - Law Clerk.png&apos;"><![CDATA[Error: ENOENT: no such file or directory, open 'C:\Automation\quickstart-master\CSOnlinePortal\Configuration\report\screenshots\chrome-CS Lawyer Portal -> New Order – Transaction Details 6.9.2 -> US 6.9\CS Lawyer Portal\Transaction - Default Values for primary mandatory fields - Law Clerk.png']]>
   </failure>
  </testcase>
  <testcase classname="chrome.CS Lawyer Portal -&gt; New Order – Transaction Details" name="6.10.2 -&gt; US 6.10/CS Lawyer Portal/Transaction – Primary Mandatory Fields - Law Clerk" time="8.461">
   <failure type="exception" message="Error: ENOENT: no such file or directory, open &apos;C:\Automation\quickstart-master\CSOnlinePortal\Configuration\report\screenshots\chrome-CS Lawyer Portal -&gt; New Order – Transaction Details 6.10.1 -&gt;  US 6.10\CS Lawyer Portal\Transaction – Primary Mandatory Fields - Lawyer.png&apos;"><![CDATA[Error: ENOENT: no such file or directory, open 'C:\Automation\quickstart-master\CSOnlinePortal\Configuration\report\screenshots\chrome-CS Lawyer Portal -> New Order – Transaction Details 6.10.1 ->  US 6.10\CS Lawyer Portal\Transaction – Primary Mandatory Fields - Lawyer.png']]>
   </failure>
  </testcase>
  <testcase classname="chrome.CS Lawyer Portal -&gt; New Order – Transaction Details" name="6.11 -&gt;  US 6.11/CS Lawyer Portal/Transaction – Secondary Mandatory Fields - Lawyer" time="11.446">
   <failure type="exception" message="Error: ENOENT: no such file or directory, open &apos;C:\Automation\quickstart-master\CSOnlinePortal\Configuration\report\screenshots\chrome-CS Lawyer Portal -&gt; New Order – Transaction Details 6.10.2 -&gt; US 6.10\CS Lawyer Portal\Transaction – Primary Mandatory Fields - Law Clerk.png&apos;"><![CDATA[Error: ENOENT: no such file or directory, open 'C:\Automation\quickstart-master\CSOnlinePortal\Configuration\report\screenshots\chrome-CS Lawyer Portal -> New Order – Transaction Details 6.10.2 -> US 6.10\CS Lawyer Portal\Transaction – Primary Mandatory Fields - Law Clerk.png']]>
   </failure>
  </testcase>
 </testsuite>
 <testsuite name="chrome.CS Lawyer Portal - Property Details" timestamp="2017-08-24T08:24:51" hostname="localhost" time="42.595" errors="0" tests="7" skipped="5" disabled="0" failures="3">
  <testcase classname="chrome.CS Lawyer Portal - Property Details" name="7.1 Create Property Details with New Order - Mandatory Fields" time="0">
   <skipped message="Temporarily disabled with xit" />
  </testcase>
  <testcase classname="chrome.CS Lawyer Portal - Property Details" name="7.2 Create Property Details with New Order - fill Non - Mandatory Fields" time="0">
   <skipped message="Temporarily disabled with xit" />
  </testcase>
  <testcase classname="chrome.CS Lawyer Portal - Property Details" name="7.3 Create Property Details with New Order - Edit Informations" time="0">
   <skipped message="Temporarily disabled with xit" />
  </testcase>
  <testcase classname="chrome.CS Lawyer Portal - Property Details" name="7.4 Create Property Details with New Order - Erase Informations" time="0">
   <skipped message="Temporarily disabled with xit" />
  </testcase>
  <testcase classname="chrome.CS Lawyer Portal - Property Details" name="7.5 Create Property Details with New Order - Verify set of data fields" time="0">
   <skipped message="Temporarily disabled with xit" />
  </testcase>
  <testcase classname="chrome.CS Lawyer Portal - Property Details" name="US 7.2 : 7.2.1 Property detail conditional rules : Verify the display of fields based on selection" time="13.676">
   <failure type="exception" message="Error: ENOENT: no such file or directory, open &apos;C:\Automation\quickstart-master\CSOnlinePortal\Configuration\report\screenshots\chrome-CS Lawyer Portal -&gt; New Order – Transaction Details 6.11 -&gt;  US 6.11\CS Lawyer Portal\Transaction – Secondary Mandatory Fields - Lawyer.png&apos;"><![CDATA[Error: ENOENT: no such file or directory, open 'C:\Automation\quickstart-master\CSOnlinePortal\Configuration\report\screenshots\chrome-CS Lawyer Portal -> New Order – Transaction Details 6.11 ->  US 6.11\CS Lawyer Portal\Transaction – Secondary Mandatory Fields - Lawyer.png']]>
   </failure>
   <failure type="exception" message="Failed: Index out of bound. Trying to access element at index: 0, but there are only 0 elements that match locator By(css selector, *[name=&quot;municipalAddressOption&quot;])"><![CDATA[NoSuchElementError: Index out of bound. Trying to access element at index: 0, but there are only 0 elements that match locator By(css selector, *[name="municipalAddressOption"])
    at selenium_webdriver_1.promise.all.then (C:\Users\sukumar\AppData\Roaming\npm\node_modules\protractor\lib\element.ts:287:17)
    at ManagedPromise.invokeCallback_ (C:\Users\sukumar\AppData\Roaming\npm\node_modules\protractor\node_modules\selenium-webdriver\lib\promise.js:1366:14)
    at TaskQueue.execute_ (C:\Users\sukumar\AppData\Roaming\npm\node_modules\protractor\node_modules\selenium-webdriver\lib\promise.js:2970:14)
    at TaskQueue.executeNext_ (C:\Users\sukumar\AppData\Roaming\npm\node_modules\protractor\node_modules\selenium-webdriver\lib\promise.js:2953:27)
    at asyncRun (C:\Users\sukumar\AppData\Roaming\npm\node_modules\protractor\node_modules\selenium-webdriver\lib\promise.js:2813:27)
    at C:\Users\sukumar\AppData\Roaming\npm\node_modules\protractor\node_modules\selenium-webdriver\lib\promise.js:676:7
    at <anonymous>
    at process._tickCallback (internal/process/next_tick.js:169:7)Error
    at ElementArrayFinder.applyAction_ (C:\Users\sukumar\AppData\Roaming\npm\node_modules\protractor\lib\element.ts:482:23)
    at ElementArrayFinder.(anonymous function).args [as isSelected] (C:\Users\sukumar\AppData\Roaming\npm\node_modules\protractor\lib\element.ts:96:21)
    at ElementFinder.(anonymous function).args [as isSelected] (C:\Users\sukumar\AppData\Roaming\npm\node_modules\protractor\lib\element.ts:873:14)
    at PropertyInformationPage.VerifyDefaultvalueForIsMuncipleAddress (C:\Automation\quickstart-master\CSOnlinePortal\PageObjectMethods\CSOnlinePortal\CSOP_PropertyInformation.js:328:53)
    at Object.<anonymous> (C:\Automation\quickstart-master\CSOnlinePortal\TestScripts\Epic 7 - Create Property Details.js:181:33)
    at C:\Users\sukumar\AppData\Roaming\npm\node_modules\protractor\node_modules\jasminewd2\index.js:112:25
    at new ManagedPromise (C:\Users\sukumar\AppData\Roaming\npm\node_modules\protractor\node_modules\selenium-webdriver\lib\promise.js:1067:7)
    at ControlFlow.promise (C:\Users\sukumar\AppData\Roaming\npm\node_modules\protractor\node_modules\selenium-webdriver\lib\promise.js:2396:12)
    at schedulerExecute (C:\Users\sukumar\AppData\Roaming\npm\node_modules\protractor\node_modules\jasminewd2\index.js:95:18)
    at TaskQueue.execute_ (C:\Users\sukumar\AppData\Roaming\npm\node_modules\protractor\node_modules\selenium-webdriver\lib\promise.js:2970:14)
    at TaskQueue.executeNext_ (C:\Users\sukumar\AppData\Roaming\npm\node_modules\protractor\node_modules\selenium-webdriver\lib\promise.js:2953:27)
From: Task: Run it("US 7.2 : 7.2.1 Property detail conditional rules : Verify the display of fields based on selection") in control flow
    at Object.<anonymous> (C:\Users\sukumar\AppData\Roaming\npm\node_modules\protractor\node_modules\jasminewd2\index.js:94:19)
    at attemptAsync (C:\Users\sukumar\AppData\Roaming\npm\node_modules\protractor\node_modules\jasmine-core\lib\jasmine-core\jasmine.js:3945:24)
    at QueueRunner.run (C:\Users\sukumar\AppData\Roaming\npm\node_modules\protractor\node_modules\jasmine-core\lib\jasmine-core\jasmine.js:3884:9)
    at QueueRunner.execute (C:\Users\sukumar\AppData\Roaming\npm\node_modules\protractor\node_modules\jasmine-core\lib\jasmine-core\jasmine.js:3872:10)
    at Spec.queueRunnerFactory (C:\Users\sukumar\AppData\Roaming\npm\node_modules\protractor\node_modules\jasmine-core\lib\jasmine-core\jasmine.js:816:35)
    at Spec.execute (C:\Users\sukumar\AppData\Roaming\npm\node_modules\protractor\node_modules\jasmine-core\lib\jasmine-core\jasmine.js:473:10)
    at Object.fn (C:\Users\sukumar\AppData\Roaming\npm\node_modules\protractor\node_modules\jasmine-core\lib\jasmine-core\jasmine.js:4975:37)
    at attemptAsync (C:\Users\sukumar\AppData\Roaming\npm\node_modules\protractor\node_modules\jasmine-core\lib\jasmine-core\jasmine.js:3945:24)
    at QueueRunner.run (C:\Users\sukumar\AppData\Roaming\npm\node_modules\protractor\node_modules\jasmine-core\lib\jasmine-core\jasmine.js:3884:9)
    at Timeout._onTimeout (C:\Users\sukumar\AppData\Roaming\npm\node_modules\protractor\node_modules\jasmine-core\lib\jasmine-core\jasmine.js:3921:20)
From asynchronous test: 
Error
    at Suite.<anonymous> (C:\Automation\quickstart-master\CSOnlinePortal\TestScripts\Epic 7 - Create Property Details.js:160:5)
    at addSpecsToSuite (C:\Users\sukumar\AppData\Roaming\npm\node_modules\protractor\node_modules\jasmine-core\lib\jasmine-core\jasmine.js:994:25)
    at Env.describe (C:\Users\sukumar\AppData\Roaming\npm\node_modules\protractor\node_modules\jasmine-core\lib\jasmine-core\jasmine.js:961:7)
    at describe (C:\Users\sukumar\AppData\Roaming\npm\node_modules\protractor\node_modules\jasmine-core\lib\jasmine-core\jasmine.js:4031:18)
    at Object.<anonymous> (C:\Automation\quickstart-master\CSOnlinePortal\TestScripts\Epic 7 - Create Property Details.js:20:1)
    at Module._compile (module.js:569:30)
    at Object.Module._extensions..js (module.js:580:10)
    at Module.load (module.js:503:32)
    at tryModuleLoad (module.js:466:12)]]>
   </failure>
  </testcase>
  <testcase classname="chrome.CS Lawyer Portal - Property Details" name="US 7 Add Multiple property" time="28.91">
   <failure type="exception" message="Error: ENOENT: no such file or directory, open &apos;C:\Automation\quickstart-master\CSOnlinePortal\Configuration\report\screenshots\chrome-CS Lawyer Portal - Property Details US 7.2 : 7.2.1 Property detail conditional rules : Verify the display of fields based on selection.png&apos;"><![CDATA[Error: ENOENT: no such file or directory, open 'C:\Automation\quickstart-master\CSOnlinePortal\Configuration\report\screenshots\chrome-CS Lawyer Portal - Property Details US 7.2 : 7.2.1 Property detail conditional rules : Verify the display of fields based on selection.png']]>
   </failure>
  </testcase>
 </testsuite>
 <testsuite name="chrome.CS Lawyer Portal - Create Mortgage Details" timestamp="2017-08-24T08:25:34" hostname="localhost" time="40.697" errors="0" tests="2" skipped="0" disabled="0" failures="1">
  <testcase classname="chrome.CS Lawyer Portal - Create Mortgage Details" name="9.1 Capture Mortgage Details with lawyer" time="23.633">
   <failure type="exception" message="Failed: unknown error: Element &lt;button _ngcontent-nus-69=&quot;&quot; class=&quot;btn btn-box-tool&quot; type=&quot;button&quot;&gt;...&lt;/button&gt; is not clickable at point (1132, 751). Other element would receive the click: &lt;div _ngcontent-nus-85=&quot;&quot; class=&quot;box-body&quot;&gt;...&lt;/div&gt;
  (Session info: chrome=60.0.3112.101)
  (Driver info: chromedriver=2.31.488763 (092de99f48a300323ecf8c2a4e2e7cab51de5ba8),platform=Windows NT 6.3.9600 x86_64)"><![CDATA[WebDriverError: unknown error: Element <button _ngcontent-nus-69="" class="btn btn-box-tool" type="button">...</button> is not clickable at point (1132, 751). Other element would receive the click: <div _ngcontent-nus-85="" class="box-body">...</div>
  (Session info: chrome=60.0.3112.101)
  (Driver info: chromedriver=2.31.488763 (092de99f48a300323ecf8c2a4e2e7cab51de5ba8),platform=Windows NT 6.3.9600 x86_64)
    at Object.checkLegacyResponse (C:\Users\sukumar\AppData\Roaming\npm\node_modules\protractor\node_modules\selenium-webdriver\lib\error.js:505:15)
    at parseHttpResponse (C:\Users\sukumar\AppData\Roaming\npm\node_modules\protractor\node_modules\selenium-webdriver\lib\http.js:509:13)
    at doSend.then.response (C:\Users\sukumar\AppData\Roaming\npm\node_modules\protractor\node_modules\selenium-webdriver\lib\http.js:440:13)
    at <anonymous>
    at process._tickCallback (internal/process/next_tick.js:169:7)
From: Task: WebElement.click()
    at Driver.schedule (C:\Users\sukumar\AppData\Roaming\npm\node_modules\protractor\node_modules\selenium-webdriver\lib\webdriver.js:816:17)
    at WebElement.schedule_ (C:\Users\sukumar\AppData\Roaming\npm\node_modules\protractor\node_modules\selenium-webdriver\lib\webdriver.js:1921:25)
    at WebElement.click (C:\Users\sukumar\AppData\Roaming\npm\node_modules\protractor\node_modules\selenium-webdriver\lib\webdriver.js:2002:17)
    at actionFn (C:\Users\sukumar\AppData\Roaming\npm\node_modules\protractor\lib\element.ts:94:34)
    at Array.map (native)
    at actionResults.getWebElements.then (C:\Users\sukumar\AppData\Roaming\npm\node_modules\protractor\lib\element.ts:484:67)
    at ManagedPromise.invokeCallback_ (C:\Users\sukumar\AppData\Roaming\npm\node_modules\protractor\node_modules\selenium-webdriver\lib\promise.js:1366:14)
    at TaskQueue.execute_ (C:\Users\sukumar\AppData\Roaming\npm\node_modules\protractor\node_modules\selenium-webdriver\lib\promise.js:2970:14)
    at TaskQueue.executeNext_ (C:\Users\sukumar\AppData\Roaming\npm\node_modules\protractor\node_modules\selenium-webdriver\lib\promise.js:2953:27)
    at asyncRun (C:\Users\sukumar\AppData\Roaming\npm\node_modules\protractor\node_modules\selenium-webdriver\lib\promise.js:2813:27)Error
    at ElementArrayFinder.applyAction_ (C:\Users\sukumar\AppData\Roaming\npm\node_modules\protractor\lib\element.ts:482:23)
    at ElementArrayFinder.(anonymous function).args [as click] (C:\Users\sukumar\AppData\Roaming\npm\node_modules\protractor\lib\element.ts:96:21)
    at ElementFinder.(anonymous function).args [as click] (C:\Users\sukumar\AppData\Roaming\npm\node_modules\protractor\lib\element.ts:873:14)
    at MortgageDetailsPage.RemoveAdditionalLender (C:\Automation\quickstart-master\CSOnlinePortal\PageObjectMethods\CSOnlinePortal\CSOP_MortgageDetails.js:78:25)
    at Object.<anonymous> (C:\Automation\quickstart-master\CSOnlinePortal\TestScripts\Epic 9 - Create Mortgage Details.js:48:25)
    at C:\Users\sukumar\AppData\Roaming\npm\node_modules\protractor\node_modules\jasminewd2\index.js:112:25
    at new ManagedPromise (C:\Users\sukumar\AppData\Roaming\npm\node_modules\protractor\node_modules\selenium-webdriver\lib\promise.js:1067:7)
    at ControlFlow.promise (C:\Users\sukumar\AppData\Roaming\npm\node_modules\protractor\node_modules\selenium-webdriver\lib\promise.js:2396:12)
    at schedulerExecute (C:\Users\sukumar\AppData\Roaming\npm\node_modules\protractor\node_modules\jasminewd2\index.js:95:18)
    at TaskQueue.execute_ (C:\Users\sukumar\AppData\Roaming\npm\node_modules\protractor\node_modules\selenium-webdriver\lib\promise.js:2970:14)
    at TaskQueue.executeNext_ (C:\Users\sukumar\AppData\Roaming\npm\node_modules\protractor\node_modules\selenium-webdriver\lib\promise.js:2953:27)
From: Task: Run it("9.1 Capture Mortgage Details with lawyer") in control flow
    at Object.<anonymous> (C:\Users\sukumar\AppData\Roaming\npm\node_modules\protractor\node_modules\jasminewd2\index.js:94:19)
    at attemptAsync (C:\Users\sukumar\AppData\Roaming\npm\node_modules\protractor\node_modules\jasmine-core\lib\jasmine-core\jasmine.js:3945:24)
    at QueueRunner.run (C:\Users\sukumar\AppData\Roaming\npm\node_modules\protractor\node_modules\jasmine-core\lib\jasmine-core\jasmine.js:3884:9)
    at QueueRunner.execute (C:\Users\sukumar\AppData\Roaming\npm\node_modules\protractor\node_modules\jasmine-core\lib\jasmine-core\jasmine.js:3872:10)
    at Spec.queueRunnerFactory (C:\Users\sukumar\AppData\Roaming\npm\node_modules\protractor\node_modules\jasmine-core\lib\jasmine-core\jasmine.js:816:35)
    at Spec.execute (C:\Users\sukumar\AppData\Roaming\npm\node_modules\protractor\node_modules\jasmine-core\lib\jasmine-core\jasmine.js:473:10)
    at Object.fn (C:\Users\sukumar\AppData\Roaming\npm\node_modules\protractor\node_modules\jasmine-core\lib\jasmine-core\jasmine.js:4975:37)
    at attemptAsync (C:\Users\sukumar\AppData\Roaming\npm\node_modules\protractor\node_modules\jasmine-core\lib\jasmine-core\jasmine.js:3945:24)
    at QueueRunner.run (C:\Users\sukumar\AppData\Roaming\npm\node_modules\protractor\node_modules\jasmine-core\lib\jasmine-core\jasmine.js:3884:9)
    at QueueRunner.execute (C:\Users\sukumar\AppData\Roaming\npm\node_modules\protractor\node_modules\jasmine-core\lib\jasmine-core\jasmine.js:3872:10)
From asynchronous test: 
Error
    at Suite.<anonymous> (C:\Automation\quickstart-master\CSOnlinePortal\TestScripts\Epic 9 - Create Mortgage Details.js:25:5)
    at addSpecsToSuite (C:\Users\sukumar\AppData\Roaming\npm\node_modules\protractor\node_modules\jasmine-core\lib\jasmine-core\jasmine.js:994:25)
    at Env.describe (C:\Users\sukumar\AppData\Roaming\npm\node_modules\protractor\node_modules\jasmine-core\lib\jasmine-core\jasmine.js:961:7)
    at describe (C:\Users\sukumar\AppData\Roaming\npm\node_modules\protractor\node_modules\jasmine-core\lib\jasmine-core\jasmine.js:4031:18)
    at Object.<anonymous> (C:\Automation\quickstart-master\CSOnlinePortal\TestScripts\Epic 9 - Create Mortgage Details.js:23:1)
    at Module._compile (module.js:569:30)
    at Object.Module._extensions..js (module.js:580:10)
    at Module.load (module.js:503:32)
    at tryModuleLoad (module.js:466:12)]]>
   </failure>
  </testcase>
  <testcase classname="chrome.CS Lawyer Portal - Create Mortgage Details" name="9.2 Capture Mortgage Details with for Law clark" time="17.061" />
 </testsuite>
</testsuites>